[    0.000000] Linux version 4.15.0-211-generic (buildd@lcy02-amd64-047) (gcc version 7.5.0 (Ubuntu 7.5.0-3ubuntu1~18.04)) #222-Ubuntu SMP Tue Apr 18 18:55:06 UTC 2023 (Ubuntu 4.15.0-211.222-generic 4.15.18)
[    0.000000] Command line: BOOT_IMAGE=/boot/vmlinuz-4.15.0-211-generic root=LABEL=cloudimg-rootfs ro console=tty1 console=ttyS0
[    0.000000] KERNEL supported cpus:
[    0.000000]   Intel GenuineIntel
[    0.000000]   AMD AuthenticAMD
[    0.000000]   Centaur CentaurHauls
[    0.000000] x86/fpu: x87 FPU will use FXSAVE
[    0.000000] e820: BIOS-provided physical RAM map:
[    0.000000] BIOS-e820: [mem 0x0000000000000000-0x000000000009fbff] usable
[    0.000000] BIOS-e820: [mem 0x000000000009fc00-0x000000000009ffff] reserved
[    0.000000] BIOS-e820: [mem 0x00000000000f0000-0x00000000000fffff] reserved
[    0.000000] BIOS-e820: [mem 0x0000000000100000-0x000000003ffeffff] usable
[    0.000000] BIOS-e820: [mem 0x000000003fff0000-0x000000003fffffff] ACPI data
[    0.000000] BIOS-e820: [mem 0x00000000fec00000-0x00000000fec00fff] reserved
[    0.000000] BIOS-e820: [mem 0x00000000fee00000-0x00000000fee00fff] reserved
[    0.000000] BIOS-e820: [mem 0x00000000fffc0000-0x00000000ffffffff] reserved
[    0.000000] NX (Execute Disable) protection: active
[    0.000000] SMBIOS 2.5 present.
[    0.000000] DMI: innotek GmbH VirtualBox/VirtualBox, BIOS VirtualBox 12/01/2006
[    0.000000] Hypervisor detected: KVM
[    0.000000] e820: last_pfn = 0x3fff0 max_arch_pfn = 0x400000000
[    0.000000] MTRR: Disabled
[    0.000000] x86/PAT: MTRRs disabled, skipping PAT initialization too.
[    0.000000] CPU MTRRs all blank - virtualized system.
[    0.000000] x86/PAT: Configuration [0-7]: WB  WT  UC- UC  WB  WT  UC- UC  
[    0.000000] found SMP MP-table at [mem 0x0009fff0-0x0009ffff]
[    0.000000] Scanning 1 areas for low memory corruption
[    0.000000] RAMDISK: [mem 0x359c5000-0x36cd9fff]
[    0.000000] ACPI: Early table checksum verification disabled
[    0.000000] ACPI: RSDP 0x00000000000E0000 000024 (v02 VBOX  )
[    0.000000] ACPI: XSDT 0x000000003FFF0030 00003C (v01 VBOX   VBOXXSDT 00000001 ASL  00000061)
[    0.000000] ACPI: FACP 0x000000003FFF00F0 0000F4 (v04 VBOX   VBOXFACP 00000001 ASL  00000061)
[    0.000000] ACPI: DSDT 0x000000003FFF0610 002353 (v02 VBOX   VBOXBIOS 00000002 INTL 20100528)
[    0.000000] ACPI: FACS 0x000000003FFF0200 000040
[    0.000000] ACPI: FACS 0x000000003FFF0200 000040
[    0.000000] ACPI: APIC 0x000000003FFF0240 00005C (v02 VBOX   VBOXAPIC 00000001 ASL  00000061)
[    0.000000] ACPI: SSDT 0x000000003FFF02A0 00036C (v01 VBOX   VBOXCPUT 00000002 INTL 20100528)
[    0.000000] ACPI: Reserving FACP table memory at [mem 0x3fff00f0-0x3fff01e3]
[    0.000000] ACPI: Reserving DSDT table memory at [mem 0x3fff0610-0x3fff2962]
[    0.000000] ACPI: Reserving FACS table memory at [mem 0x3fff0200-0x3fff023f]
[    0.000000] ACPI: Reserving FACS table memory at [mem 0x3fff0200-0x3fff023f]
[    0.000000] ACPI: Reserving APIC table memory at [mem 0x3fff0240-0x3fff029b]
[    0.000000] ACPI: Reserving SSDT table memory at [mem 0x3fff02a0-0x3fff060b]
[    0.000000] No NUMA configuration found
[    0.000000] Faking a node at [mem 0x0000000000000000-0x000000003ffeffff]
[    0.000000] NODE_DATA(0) allocated [mem 0x3ffc5000-0x3ffeffff]
[    0.000000] kvm-clock: cpu 0, msr 0:3ff44001, primary cpu clock
[    0.000000] kvm-clock: Using msrs 4b564d01 and 4b564d00
[    0.000000] kvm-clock: using sched offset of 4734261046 cycles
[    0.000000] clocksource: kvm-clock: mask: 0xffffffffffffffff max_cycles: 0x1cd42e4dffb, max_idle_ns: 881590591483 ns
[    0.000000] Zone ranges:
[    0.000000]   DMA      [mem 0x0000000000001000-0x0000000000ffffff]
[    0.000000]   DMA32    [mem 0x0000000001000000-0x000000003ffeffff]
[    0.000000]   Normal   empty
[    0.000000]   Device   empty
[    0.000000] Movable zone start for each node
[    0.000000] Early memory node ranges
[    0.000000]   node   0: [mem 0x0000000000001000-0x000000000009efff]
[    0.000000]   node   0: [mem 0x0000000000100000-0x000000003ffeffff]
[    0.000000] Reserved but unavailable: 104 pages
[    0.000000] Initmem setup node 0 [mem 0x0000000000001000-0x000000003ffeffff]
[    0.000000] ACPI: PM-Timer IO Port: 0x4008
[    0.000000] IOAPIC[0]: apic_id 2, version 32, address 0xfec00000, GSI 0-23
[    0.000000] ACPI: INT_SRC_OVR (bus 0 bus_irq 0 global_irq 2 dfl dfl)
[    0.000000] ACPI: INT_SRC_OVR (bus 0 bus_irq 9 global_irq 9 low level)
[    0.000000] Using ACPI (MADT) for SMP configuration information
[    0.000000] smpboot: Allowing 2 CPUs, 0 hotplug CPUs
[    0.000000] PM: Registered nosave memory: [mem 0x00000000-0x00000fff]
[    0.000000] PM: Registered nosave memory: [mem 0x0009f000-0x0009ffff]
[    0.000000] PM: Registered nosave memory: [mem 0x000a0000-0x000effff]
[    0.000000] PM: Registered nosave memory: [mem 0x000f0000-0x000fffff]
[    0.000000] e820: [mem 0x40000000-0xfebfffff] available for PCI devices
[    0.000000] Booting paravirtualized kernel on KVM
[    0.000000] clocksource: refined-jiffies: mask: 0xffffffff max_cycles: 0xffffffff, max_idle_ns: 7645519600211568 ns
[    0.000000] setup_percpu: NR_CPUS:8192 nr_cpumask_bits:2 nr_cpu_ids:2 nr_node_ids:1
[    0.000000] percpu: Embedded 50 pages/cpu s167936 r8192 d28672 u1048576
[    0.000000] PV qspinlock hash table entries: 256 (order: 0, 4096 bytes)
[    0.000000] Built 1 zonelists, mobility grouping on.  Total pages: 257913
[    0.000000] Policy zone: DMA32
[    0.000000] Kernel command line: BOOT_IMAGE=/boot/vmlinuz-4.15.0-211-generic root=LABEL=cloudimg-rootfs ro console=tty1 console=ttyS0
[    0.000000] Memory: 982632K/1048120K available (12300K kernel code, 2477K rwdata, 4324K rodata, 2480K init, 2720K bss, 65488K reserved, 0K cma-reserved)
[    0.000000] SLUB: HWalign=64, Order=0-3, MinObjects=0, CPUs=2, Nodes=1
[    0.000000] ftrace: allocating 39508 entries in 155 pages
[    0.004000] Hierarchical RCU implementation.
[    0.004000] 	RCU restricting CPUs from NR_CPUS=8192 to nr_cpu_ids=2.
[    0.004000] 	Tasks RCU enabled.
[    0.004000] RCU: Adjusting geometry for rcu_fanout_leaf=16, nr_cpu_ids=2
[    0.004000] NR_IRQS: 524544, nr_irqs: 440, preallocated irqs: 16
[    0.004000] random: crng init done
[    0.004000] Console: colour VGA+ 80x25
[    0.004000] console [tty1] enabled
[    0.004000] console [ttyS0] enabled
[    0.004000] ACPI: Core revision 20170831
[    0.004000] ACPI: 2 ACPI AML tables successfully acquired and loaded
[    0.004000] APIC: Switch to symmetric I/O mode setup
[    0.004000] ..TIMER: vector=0x30 apic1=0 pin1=2 apic2=-1 pin2=-1
[    0.004025] tsc: Detected 2111.998 MHz processor
[    0.008021] Calibrating delay loop (skipped) preset value.. 4223.99 BogoMIPS (lpj=8447992)
[    0.012012] pid_max: default: 32768 minimum: 301
[    0.016153] Security Framework initialized
[    0.020009] Yama: becoming mindful.
[    0.024218] AppArmor: AppArmor initialized
[    0.037156] Dentry cache hash table entries: 131072 (order: 8, 1048576 bytes)
[    0.046042] Inode-cache hash table entries: 65536 (order: 7, 524288 bytes)
[    0.048169] Mount-cache hash table entries: 2048 (order: 2, 16384 bytes)
[    0.052157] Mountpoint-cache hash table entries: 2048 (order: 2, 16384 bytes)
[    0.062996] Last level iTLB entries: 4KB 0, 2MB 0, 4MB 0
[    0.064010] Last level dTLB entries: 4KB 0, 2MB 0, 4MB 0, 1GB 0
[    0.068015] Spectre V1 : Mitigation: usercopy/swapgs barriers and __user pointer sanitization
[    0.072008] Spectre V2 : Mitigation: Enhanced IBRS
[    0.076009] Spectre V2 : Spectre v2 / SpectreRSB mitigation: Filling RSB on context switch
[    0.080009] Spectre V2 : Spectre v2 / PBRSB-eIBRS: Retire a single CALL on VMEXIT
[    0.084008] RETBleed: Mitigation: Enhanced IBRS
[    0.088009] Speculative Store Bypass: Vulnerable
[    0.092371] Freeing SMP alternatives memory: 36K
[    0.220597] smpboot: CPU0: 12th Gen Intel(R) Core(TM) i5-1240P (family: 0x6, model: 0x9a, stepping: 0x3)
[    0.224709] Performance Events: unsupported p6 CPU model 154 no PMU driver, software events only.
[    0.228120] Hierarchical SRCU implementation.
[    0.232565] NMI watchdog: Perf event create on CPU 0 failed with -2
[    0.236006] NMI watchdog: Perf NMI watchdog permanently disabled
[    0.240521] smp: Bringing up secondary CPUs ...
[    0.245131] x86: Booting SMP configuration:
[    0.248116] .... node  #0, CPUs:      #1
[    0.004000] kvm-clock: cpu 1, msr 0:3ff44041, secondary cpu clock
[    0.264000] TSC synchronization [CPU#0 -> CPU#1]:
[    0.264000] Measured 51673 cycles TSC warp between CPUs, turning off TSC clock.
[    0.264000] tsc: Marking TSC unstable due to check_tsc_sync_source failed
[    0.268460] smp: Brought up 1 node, 2 CPUs
[    0.272011] smpboot: Max logical packages: 1
[    0.276013] smpboot: Total of 2 processors activated (8447.99 BogoMIPS)
[    0.284356] devtmpfs: initialized
[    0.288130] x86/mm: Memory block size: 128MB
[    0.292664] evm: security.selinux
[    0.296008] evm: security.SMACK64
[    0.300005] evm: security.SMACK64EXEC
[    0.303495] evm: security.SMACK64TRANSMUTE
[    0.304008] evm: security.SMACK64MMAP
[    0.308007] evm: security.apparmor
[    0.312007] evm: security.ima
[    0.316007] evm: security.capability
[    0.324551] clocksource: jiffies: mask: 0xffffffff max_cycles: 0xffffffff, max_idle_ns: 7645041785100000 ns
[    0.328038] futex hash table entries: 512 (order: 3, 32768 bytes)
[    0.332347] pinctrl core: initialized pinctrl subsystem
[    0.336456] RTC time:  5:24:27, date: 05/27/23
[    0.345036] NET: Registered protocol family 16
[    0.348208] audit: initializing netlink subsys (disabled)
[    0.356012] audit: type=2000 audit(1685165072.671:1): state=initialized audit_enabled=0 res=1
[    0.372013] cpuidle: using governor ladder
[    0.376019] cpuidle: using governor menu
[    0.380167] ACPI: bus type PCI registered
[    0.384009] acpiphp: ACPI Hot Plug PCI Controller Driver version: 0.5
[    0.388804] PCI: Using configuration type 1 for base access
[    0.405594] HugeTLB registered 2.00 MiB page size, pre-allocated 0 pages
[    0.420794] ACPI: Added _OSI(Module Device)
[    0.424014] ACPI: Added _OSI(Processor Device)
[    0.428014] ACPI: Added _OSI(3.0 _SCP Extensions)
[    0.432012] ACPI: Added _OSI(Processor Aggregator Device)
[    0.436020] ACPI: Added _OSI(Linux-Dell-Video)
[    0.440015] ACPI: Added _OSI(Linux-Lenovo-NV-HDMI-Audio)
[    0.444013] ACPI: Added _OSI(Linux-HPI-Hybrid-Graphics)
[    0.452646] ACPI: Executed 1 blocks of module-level executable AML code
[    0.476926] ACPI: Interpreter enabled
[    0.480000] ACPI: (supports S0 S5)
[    0.480011] ACPI: Using IOAPIC for interrupt routing
[    0.488669] PCI: Using host bridge windows from ACPI; if necessary, use "pci=nocrs" and report a bug
[    0.492454] ACPI: Enabled 2 GPEs in block 00 to 07
[    0.516756] ACPI: PCI Root Bridge [PCI0] (domain 0000 [bus 00-ff])
[    0.520025] acpi PNP0A03:00: _OSC: OS supports [ASPM ClockPM Segments MSI]
[    0.528330] acpi PNP0A03:00: _OSC: not requesting OS control; OS requires [ExtendedConfig ASPM ClockPM MSI]
[    0.532035] acpi PNP0A03:00: fail to add MMCONFIG information, can't access extended PCI configuration space under this bridge.
[    0.537156] PCI host bridge to bus 0000:00
[    0.540008] pci_bus 0000:00: root bus resource [io  0x0000-0x0cf7 window]
[    0.544011] pci_bus 0000:00: root bus resource [io  0x0d00-0xffff window]
[    0.548006] pci_bus 0000:00: root bus resource [mem 0x000a0000-0x000bffff window]
[    0.552007] pci_bus 0000:00: root bus resource [mem 0x40000000-0xfdffffff window]
[    0.556011] pci_bus 0000:00: root bus resource [bus 00-ff]
[    0.570697] pci 0000:00:01.1: legacy IDE quirk: reg 0x10: [io  0x01f0-0x01f7]
[    0.572012] pci 0000:00:01.1: legacy IDE quirk: reg 0x14: [io  0x03f6]
[    0.576011] pci 0000:00:01.1: legacy IDE quirk: reg 0x18: [io  0x0170-0x0177]
[    0.580012] pci 0000:00:01.1: legacy IDE quirk: reg 0x1c: [io  0x0376]
[    0.612496] pci 0000:00:07.0: quirk: [io  0x4000-0x403f] claimed by PIIX4 ACPI
[    0.616032] pci 0000:00:07.0: quirk: [io  0x4100-0x410f] claimed by PIIX4 SMB
[    0.632063] ACPI: PCI Interrupt Link [LNKA] (IRQs 5 9 10 *11)
[    0.636925] ACPI: PCI Interrupt Link [LNKB] (IRQs 5 9 *10 11)
[    0.640260] ACPI: PCI Interrupt Link [LNKC] (IRQs 5 *9 10 11)
[    0.644158] ACPI: PCI Interrupt Link [LNKD] (IRQs 5 9 10 *11)
[    0.652061] SCSI subsystem initialized
[    0.656299] pci 0000:00:02.0: vgaarb: setting as boot VGA device
[    0.660000] pci 0000:00:02.0: vgaarb: VGA device added: decodes=io+mem,owns=io+mem,locks=none
[    0.660014] pci 0000:00:02.0: vgaarb: bridge control possible
[    0.664008] vgaarb: loaded
[    0.668269] ACPI: bus type USB registered
[    0.672048] usbcore: registered new interface driver usbfs
[    0.676049] usbcore: registered new interface driver hub
[    0.684024] usbcore: registered new device driver usb
[    0.688539] EDAC MC: Ver: 3.0.0
[    0.696610] PCI: Using ACPI for IRQ routing
[    0.700889] NetLabel: Initializing
[    0.704003] NetLabel:  domain hash size = 128
[    0.708003] NetLabel:  protocols = UNLABELED CIPSOv4 CALIPSO
[    0.712026] NetLabel:  unlabeled traffic allowed by default
[    0.720279] clocksource: Switched to clocksource kvm-clock
[    0.735422] VFS: Disk quotas dquot_6.6.0
[    0.735422] VFS: Dquot-cache hash table entries: 512 (order 0, 4096 bytes)
[    0.735422] AppArmor: AppArmor Filesystem Enabled
[    0.735422] pnp: PnP ACPI init
[    0.735422] pnp: PnP ACPI: found 3 devices
[    0.851034] clocksource: acpi_pm: mask: 0xffffff max_cycles: 0xffffff, max_idle_ns: 2085701024 ns
[    0.852440] NET: Registered protocol family 2
[    0.852440] IP idents hash table entries: 16384 (order: 5, 131072 bytes)
[    0.870464] TCP established hash table entries: 8192 (order: 4, 65536 bytes)
[    0.876536] TCP bind hash table entries: 8192 (order: 5, 131072 bytes)
[    0.880251] TCP: Hash tables configured (established 8192 bind 8192)
[    0.880251] UDP hash table entries: 512 (order: 2, 16384 bytes)
[    0.880251] UDP-Lite hash table entries: 512 (order: 2, 16384 bytes)
[    0.880251] NET: Registered protocol family 1
[    0.880251] pci 0000:00:00.0: Limiting direct PCI/PCI transfers
[    0.880251] pci 0000:00:01.0: Activating ISA DMA hang workarounds
[    0.880251] pci 0000:00:02.0: Video device with shadowed ROM at [mem 0x000c0000-0x000dffff]
[    0.880251] Unpacking initramfs...
[    1.730944] Freeing initrd memory: 19540K
[    1.730944] clocksource: tsc: mask: 0xffffffffffffffff max_cycles: 0x1e71768ef8b, max_idle_ns: 440795218977 ns
[    1.730944] platform rtc_cmos: registered platform RTC device (no PNP device found)
[    1.730944] Scanning for low memory corruption every 60 seconds
[    1.854866] Initialise system trusted keyrings
[    1.863567] Key type blacklist registered
[    1.877698] workingset: timestamp_bits=36 max_order=18 bucket_order=0
[    1.890778] zbud: loaded
[    1.898850] squashfs: version 4.0 (2009/01/31) Phillip Lougher
[    1.910427] fuse init (API version 7.26)
[    1.968411] Key type asymmetric registered
[    1.972307] Asymmetric key parser 'x509' registered
[    1.972307] Block layer SCSI generic (bsg) driver version 0.4 loaded (major 246)
[    1.999106] io scheduler noop registered
[    2.006164] io scheduler deadline registered
[    2.011575] io scheduler cfq registered (default)
[    2.020592] ACPI: AC Adapter [AC] (off-line)
[    2.024158] input: Power Button as /devices/LNXSYSTM:00/LNXPWRBN:00/input/input0
[    2.040690] ACPI: Power Button [PWRF]
[    2.046446] input: Sleep Button as /devices/LNXSYSTM:00/LNXSLPBN:00/input/input1
[    2.050002] ACPI: Sleep Button [SLPF]
[    2.064146] Serial: 8250/16550 driver, 32 ports, IRQ sharing enabled
[    2.065808] ACPI: Battery Slot [BAT0] (battery present)
[    2.108035] 00:02: ttyS0 at I/O 0x3f8 (irq = 4, base_baud = 115200) is a 16550A
[    2.109977] Linux agpgart interface v0.103
[    2.134322] loop: module loaded
[    2.145744] scsi host0: ata_piix
[    2.151740] scsi host1: ata_piix
[    2.158498] ata1: PATA max UDMA/33 cmd 0x1f0 ctl 0x3f6 bmdma 0xd000 irq 14
[    2.168840] ata2: PATA max UDMA/33 cmd 0x170 ctl 0x376 bmdma 0xd008 irq 15
[    2.180581] tun: Universal TUN/TAP device driver, 1.6
[    2.191090] PPP generic driver version 2.4.2
[    2.196669] ehci_hcd: USB 2.0 'Enhanced' Host Controller (EHCI) Driver
[    2.200459] ehci-pci: EHCI PCI platform driver
[    2.200459] ehci-platform: EHCI generic platform driver
[    2.200459] ohci_hcd: USB 1.1 'Open' Host Controller (OHCI) Driver
[    2.200459] ohci-pci: OHCI PCI platform driver
[    2.200459] ohci-platform: OHCI generic platform driver
[    2.200459] uhci_hcd: USB Universal Host Controller Interface driver
[    2.200459] i8042: PNP: PS/2 Controller [PNP0303:PS2K,PNP0f03:PS2M] at 0x60,0x64 irq 1,12
[    2.200459] serio: i8042 KBD port at 0x60,0x64 irq 1
[    2.200459] serio: i8042 AUX port at 0x60,0x64 irq 12
[    2.200459] mousedev: PS/2 mouse device common for all mice
[    2.301255] rtc_cmos rtc_cmos: rtc core: registered rtc_cmos as rtc0
[    2.313121] input: AT Translated Set 2 keyboard as /devices/platform/i8042/serio0/input/input2
[    2.313330] rtc_cmos rtc_cmos: alarms up to one day, 114 bytes nvram
[    2.329714] i2c /dev entries driver
[    2.335777] device-mapper: uevent: version 1.0.3
[    2.342342] device-mapper: ioctl: 4.37.0-ioctl (2017-09-20) initialised: dm-devel@redhat.com
[    2.386020] ledtrig-cpu: registered to indicate activity on CPUs
[    2.433773] NET: Registered protocol family 10
[    2.460801] Segment Routing with IPv6
[    2.466154] NET: Registered protocol family 17
[    2.473547] Key type dns_resolver registered
[    2.483199] mce: Using 0 MCE banks
[    2.488121] RAS: Correctable Errors collector initialized.
[    2.495616] sched_clock: Marking stable (2495441355, 0)->(4143002888, -1647561533)
[    2.517303] registered taskstats version 1
[    2.525490] Loading compiled-in X.509 certificates
[    2.543445] Loaded X.509 cert 'Build time autogenerated kernel key: 6893c09f03d31bc6e9f3dd5a3a18faae0d596a39'
[    2.559818] Loaded X.509 cert 'Canonical Ltd. Live Patch Signing: 14df34d1a87cf37625abec039ef2bf521249b969'
[    2.573852] Loaded X.509 cert 'Canonical Ltd. Kernel Module Signing: 88f752e560a1e0737e31163a466ad7b70a850c19'
[    2.587916] blacklist: Loading compiled-in revocation X.509 certificates
[    2.598288] Loaded X.509 cert 'Canonical Ltd. Secure Boot Signing: 61482aa2830d0ab2ad5af10b7250da9033ddcef0'
[    2.612423] Loaded X.509 cert 'Canonical Ltd. Secure Boot Signing (2017): 242ade75ac4a15e50d50c84b0d45ff3eae707a03'
[    2.627625] Loaded X.509 cert 'Canonical Ltd. Secure Boot Signing (ESM 2018): 365188c1d374d6b07c3c8f240f8ef722433d6a8b'
[    2.643438] Loaded X.509 cert 'Canonical Ltd. Secure Boot Signing (2019): c0746fd6c5da3ae827864651ad66ae47fe24b3e8'
[    2.660227] Loaded X.509 cert 'Canonical Ltd. Secure Boot Signing (2021 v1): a8d54bbb3825cfb94fa13c9f8a594a195c107b8d'
[    2.676758] Loaded X.509 cert 'Canonical Ltd. Secure Boot Signing (2021 v2): 4cf046892d6fd3c9a5b03f98d845f90851dc6a8c'
[    2.691995] Loaded X.509 cert 'Canonical Ltd. Secure Boot Signing (2021 v3): 100437bb6de6e469b581e61cd66bce3ef4ed53af'
[    2.707144] Loaded X.509 cert 'Canonical Ltd. Secure Boot Signing (Ubuntu Core 2019): c1d57b8f6b743f23ee41f4f7ee292f06eecadfb9'
[    2.725225] zswap: loaded using pool lzo/zbud
[    2.756084] Key type big_key registered
[    2.765770] Key type trusted registered
[    2.780254] Key type encrypted registered
[    2.787273] AppArmor: AppArmor sha1 policy hashing enabled
[    2.795209] ima: No TPM chip found, activating TPM-bypass! (rc=-19)
[    2.803980] ima: Allocated hash algorithm: sha1
[    2.811459] evm: HMAC attrs: 0x1
[    2.819007]   Magic number: 7:924:416
[    2.826062] rtc_cmos rtc_cmos: setting system clock to 2023-05-27 05:24:30 UTC (1685165070)
[    2.839555] BIOS EDD facility v0.16 2004-Jun-25, 0 devices found
[    2.847894] EDD information not available.
[    2.856290] Freeing unused kernel image memory: 2480K
[    3.588782] Write protecting the kernel read-only data: 20480k
[    3.600346] Freeing unused kernel image memory: 2008K
[    3.615973] Freeing unused kernel image memory: 1820K
[    3.633506] x86/mm: Checked W+X mappings: passed, no W+X pages found.
Loading, please wait...
starting version 237
[    3.854495] e1000: Intel(R) PRO/1000 Network Driver - version 7.3.21-k8-NAPI
[    3.867744] e1000: Copyright (c) 1999-2006 Intel Corporation.
[    3.911484] Fusion MPT base driver 3.04.20
[    3.918300] Copyright (c) 1999-2008 LSI Corporation
[    3.933754] SSE version of gcm_enc/dec engaged.
[    3.974086] Fusion MPT SPI Host driver 3.04.20
[    4.133835] input: ImExPS/2 Generic Explorer Mouse as /devices/platform/i8042/serio1/input/input4
[    4.865279] e1000 0000:00:03.0 eth0: (PCI:33MHz:32-bit) 02:60:28:79:f3:5b
[    4.876152] e1000 0000:00:03.0 eth0: Intel(R) PRO/1000 Network Connection
[    4.892293] e1000 0000:00:03.0 enp0s3: renamed from eth0
[    4.892428] mptbase: ioc0: Initiating bringup
[    6.576001] ioc0: LSI53C1030 A0: Capabilities={Initiator}
[    7.525284] scsi host2: ioc0: LSI53C1030 A0, FwRev=00000000h, Ports=1, MaxQ=256, IRQ=20
[    7.762176] scsi 2:0:0:0: Direct-Access     VBOX     HARDDISK         1.0  PQ: 0 ANSI: 5
[    7.804461] scsi target2:0:0: Beginning Domain Validation
[    7.836514] scsi target2:0:0: Domain Validation skipping write tests
[    7.849128] scsi target2:0:0: Ending Domain Validation
[    7.861589] scsi target2:0:0: asynchronous
[    7.874545] scsi 2:0:1:0: Direct-Access     VBOX     HARDDISK         1.0  PQ: 0 ANSI: 5
[    7.920315] scsi target2:0:1: Beginning Domain Validation
[    7.946508] scsi target2:0:1: Domain Validation skipping write tests
[    7.954662] scsi target2:0:1: Ending Domain Validation
[    7.966812] scsi target2:0:1: asynchronous
[    7.989204] sd 2:0:0:0: Attached scsi generic sg0 type 0
[    7.995825] sd 2:0:0:0: [sda] 83886080 512-byte logical blocks: (42.9 GB/40.0 GiB)
[    7.996631] sd 2:0:1:0: Attached scsi generic sg1 type 0
[    8.013967] sd 2:0:0:0: [sda] Write Protect is off
[    8.021402] sd 2:0:1:0: [sdb] 20480 512-byte logical blocks: (10.5 MB/10.0 MiB)
[    8.033412] sd 2:0:0:0: [sda] Incomplete mode parameter data
[    8.041589] sd 2:0:0:0: [sda] Assuming drive cache: write through
[    8.054215] sd 2:0:1:0: [sdb] Write Protect is off
[    8.065814] sd 2:0:1:0: [sdb] Incomplete mode parameter data
[    8.076187] sd 2:0:1:0: [sdb] Assuming drive cache: write through
[    8.085991]  sda: sda1
[    8.096527] sd 2:0:0:0: [sda] Attached SCSI disk
[    8.120344] sd 2:0:1:0: [sdb] Attached SCSI disk
Begin: Loading essential drivers ... [   11.728964] raid6: sse2x1   gen() 71790 MB/s
[   13.723382] raid6: sse2x1   xor() 102474 MB/s
[   15.723403] raid6: sse2x2   gen() 198309 MB/s
[   17.724853] raid6: sse2x2   xor() 118074 MB/s
[   17.792816] raid6: sse2x4   gen() 10432 MB/s
[   17.862777] raid6: sse2x4   xor()  3396 MB/s
[   17.869988] raid6: using algorithm sse2x2 gen() 198309 MB/s
[   17.879072] raid6: .... xor() 118074 MB/s, rmw enabled
[   17.887721] raid6: using ssse3x2 recovery algorithm
[   17.901908] xor: measuring software checksum speed
[   17.948592]    prefetch64-sse: 10520.000 MB/sec
[   17.996464]    generic_sse: 14237.000 MB/sec
[   18.002227] xor: using function: generic_sse (14237.000 MB/sec)
[   18.018439] async_tx: api initialized (async)
done.
Begin: Running /scripts/init-premount ... done.
Begin: Mounting root file system ... Begin: Running /scripts/local-top ... done.
Begin: Running /scripts/local-premount ... [   18.147128] Btrfs loaded, crc32c=crc32c-intel
Scanning for Btrfs filesystems
done.
Warning: fsck not present, so skipping root file system
[   18.248370] EXT4-fs (sda1): mounted filesystem with ordered data mode. Opts: (null)
done.
Begin: Running /scripts/local-bottom ... done.
Begin: Running /scripts/init-bottom ... done.
[   18.592304] ip_tables: (C) 2000-2006 Netfilter Core Team
[   18.629303] systemd[1]: systemd 237 running in system mode. (+PAM +AUDIT +SELINUX +IMA +APPARMOR +SMACK +SYSVINIT +UTMP +LIBCRYPTSETUP +GCRYPT +GNUTLS +ACL +XZ +LZ4 +SECCOMP +BLKID +ELFUTILS +KMOD -IDN2 +IDN -PCRE2 default-hierarchy=hybrid)
[   18.657982] systemd[1]: Detected virtualization oracle.
[   18.668266] systemd[1]: Detected architecture x86-64.

Welcome to [1mUbuntu 18.04.6 LTS[0m!

[   18.749148] systemd[1]: Set hostname to <ubuntu>.
[   18.767531] systemd[1]: Initializing machine ID from random generator.
[   18.777886] systemd[1]: Installed transient /etc/machine-id file.
[   19.282682] systemd[1]: Started Forward Password Requests to Wall Directory Watch.
[[0;32m  OK  [0m] Started Forward Password Requests to Wall Directory Watch.
[   19.311224] systemd[1]: Created slice User and Session Slice.
[[0;32m  OK  [0m] Created slice User and Session Slice.
[   19.319918] systemd[1]: Reached target User and Group Name Lookups.
[[0;32m  OK  [0m] Reached target User and Group Name Lookups.
[   19.329416] systemd[1]: Created slice System Slice.
[[0;32m  OK  [0m] Created slice System Slice.
[[0;32m  OK  [0m] Listening on Syslog Socket.
[[0;32m  OK  [0m] Created slice system-serial\x2dgetty.slice.
[[0;32m  OK  [0m] Listening on LVM2 poll daemon socket.
[[0;32m  OK  [0m] Listening on Journal Socket.
         Starting Load Kernel Modules...
[[0;32m  OK  [0m] Listening on Journal Socket (/dev/log).
[[0;32m  OK  [0m] Listening on Network Service Netlink Socket.
         Mounting Huge Pages File System...
[[0;32m  OK  [0m] Listening on fsck to fsckd communication Socket.
         Starting File System Check on Root Device...
         Mounting Kernel Debug File System...
         Mounting POSIX Message Queue File System...
[[0;32m  OK  [0m] Reached target Mounting snaps.
[[0;32m  OK  [0m] Reached target Mounted snaps.
[[0;32m  OK  [0m] Listening on udev Kernel Socket.
[[0;32m  OK  [0m] Reached target Swap.
         Starting Set the console keyboard layout...
         Starting Create list of required st…ce nodes for the current kernel...
[[0;32m  OK  [0m] Listening on Device-mapper event daemon FIFOs.
[[0;32m  OK  [0m] Listening on Journal Audit Socket.
[[0;32m  OK  [0m] Set up automount Arbitrary Executab…rmats File System Automount Point.
[   19.425447] Loading iSCSI transport class v2.0-870.
         Starting Uncomplicated firewall...
         Starting Journal Service...
[[0;32m  OK  [0m] Reached target System Time Synchronized.
[[0;32m  OK  [0m] Listening on LVM2 metadata daemon socket.
         Starting Monitoring of LVM2 mirrors…ng dmeventd or progress polling...
[[0;32m  OK  [0m] Reached target Slices.
[[0;32m  OK  [0m] Listening on udev Control Socket.
         Starting udev Coldplug all Devices...
[[0;32m  OK  [0m] Listening on /dev/initctl Compatibility Named Pipe.
[[0;32m  OK  [0m] Mounted Huge Pages File System.
[[0;32m  OK  [0m] Mounted Kernel Debug File System.
[[0;32m  OK  [0m] Mounted POSIX Message Queue File System.
[[0;32m  OK  [0m] Started Create list of required sta…vice nodes for the current kernel.
[[0;32m  OK  [0m] Started File System Check Daemon to report status.
         Starting Create Static Device Nodes in /dev...
[[0;32m  OK  [0m] Started LVM2 metadata daemon.
[[0;32m  OK  [0m] Started Uncomplicated firewall.
[[0;32m  OK  [0m] Started udev Coldplug all Devices.
[[0;32m  OK  [0m] Started File System Check on Root Device.
         Starting Remount Root and Kernel File Systems...
[   19.649393] iscsi: registered transport (tcp)
[[0;32m  OK  [0m] Started Journal Service.
[[0;32m  OK  [0m] Started Create Static Device Nodes in /dev.
[   19.772664] EXT4-fs (sda1): re-mounted. Opts: (null)
[[0;32m  OK  [0m] Started Remount Root and Kernel File Systems.
         Starting Flush Journal to Persistent Storage...
         Starting udev Kernel Device Manager...
         Starting Load/Save Random Seed...
[[0;32m  OK  [0m] Started Monitoring of LVM2 mirrors,…sing dmeventd or progress polling.
[   19.838275] systemd-journald[406]: Received request to flush runtime journal from PID 1
[   19.900878] iscsi: registered transport (iser)
[[0;32m  OK  [0m] Started Load Kernel Modules.
[[0;32m  OK  [0m] Started Load/Save Random Seed.
         Mounting FUSE Control File System...
         Starting Apply Kernel Variables...
         Mounting Kernel Configuration File System...
[[0;32m  OK  [0m] Mounted FUSE Control File System.
[[0;32m  OK  [0m] Started Flush Journal to Persistent Storage.
[[0;32m  OK  [0m] Mounted Kernel Configuration File System.
[[0;32m  OK  [0m] Started udev Kernel Device Manager.
[[0;32m  OK  [0m] Started Apply Kernel Variables.
[[0;32m  OK  [0m] Found device /dev/ttyS0.
[[0;32m  OK  [0m] Listening on Load/Save RF Kill Switch Status /dev/rfkill Watch.
         Mounting Arbitrary Executable File Formats File System...
[[0;32m  OK  [0m] Started Set the console keyboard layout.
[[0;32m  OK  [0m] Mounted Arbitrary Executable File Formats File System.
[[0;32m  OK  [0m] Started Dispatch Password Requests to Console Directory Watch.
[[0;32m  OK  [0m] Reached target Local Encrypted Volumes.
[[0;32m  OK  [0m] Reached target Local File Systems (Pre).
[[0;32m  OK  [0m] Reached target Local File Systems.
         Starting Commit a transient machine-id on disk...
         Starting ebtables ruleset management...
         Starting Set console font and keymap...
         Starting Create Volatile Files and Directories...
         Starting AppArmor initialization...
         Starting Tell Plymouth To Write Out Runtime Data...
[[0;32m  OK  [0m] Started Set console font and keymap.
[[0;32m  OK  [0m] Started Tell Plymouth To Write Out Runtime Data.
[[0;32m  OK  [0m] Started Create Volatile Files and Directories.
         Starting Update UTMP about System Boot/Shutdown...
[[0;32m  OK  [0m] Started Update UTMP about System Boot/Shutdown.
[[0;32m  OK  [0m] Started Commit a transient machine-id on disk.
[[0;32m  OK  [0m] Started ebtables ruleset management.
[[0;32m  OK  [0m] Started AppArmor initialization.
         Starting Initial cloud-init job (pre-networking)...
         Starting Load AppArmor profiles managed internally by snapd...
[[0;32m  OK  [0m] Started Load AppArmor profiles managed internally by snapd.
[   24.847836] cloud-init[591]: Cloud-init v. 23.1.2-0ubuntu0~18.04.1 running 'init-local' at Sat, 27 May 2023 05:24:51 +0000. Up 24.24 seconds.
[[0;32m  OK  [0m] Started Initial cloud-init job (pre-networking).
[[0;32m  OK  [0m] Reached target Network (Pre).
         Starting Network Service...
[[0;32m  OK  [0m] Started Network Service.
         Starting Wait for Network to be Configured...
         Starting Network Name Resolution...
[[0;32m  OK  [0m] Started Network Name Resolution.
[[0;32m  OK  [0m] Reached target Host and Network Name Lookups.
[[0;32m  OK  [0m] Reached target Network.
[[0;32m  OK  [0m] Started Wait for Network to be Configured.
         Starting Initial cloud-init job (metadata service crawler)...
[   27.086463] cloud-init[717]: Cloud-init v. 23.1.2-0ubuntu0~18.04.1 running 'init' at Sat, 27 May 2023 05:24:54 +0000. Up 26.86 seconds.
[   27.092611] cloud-init[717]: ci-info: ++++++++++++++++++++++++++++++++++++++Net device info++++++++++++++++++++++++++++++++++++++
[   27.096811] cloud-init[717]: ci-info: +--------+------+----------------------------+---------------+--------+-------------------+
[   27.102390] cloud-init[717]: ci-info: | Device |  Up  |          Address           |      Mask     | Scope  |     Hw-Address    |
[   27.106258] cloud-init[717]: ci-info: +--------+------+----------------------------+---------------+--------+-------------------+
[   27.109914] cloud-init[717]: ci-info: | enp0s3 | True |         10.0.2.15          | 255.255.255.0 | global | 02:60:28:79:f3:5b |
[   27.114261] cloud-init[717]: ci-info: | enp0s3 | True | fe80::60:28ff:fe79:f35b/64 |       .       |  link  | 02:60:28:79:f3:5b |
[   27.120111] cloud-init[717]: ci-info: |   lo   | True |         127.0.0.1          |   255.0.0.0   |  host  |         .         |
[   27.125155] cloud-init[717]: ci-info: |   lo   | True |          ::1/128           |       .       |  host  |         .         |
[   27.131132] cloud-init[717]: ci-info: +--------+------+----------------------------+---------------+--------+-------------------+
[   27.133943] cloud-init[717]: ci-info: ++++++++++++++++++++++++++++Route IPv4 info+++++++++++++++++++++++++++++
[   27.137121] cloud-init[717]: ci-info: +-------+-------------+----------+-----------------+-----------+-------+
[   27.142235] cloud-init[717]: ci-info: | Route | Destination | Gateway  |     Genmask     | Interface | Flags |
[   27.146317] cloud-init[717]: ci-info: +-------+-------------+----------+-----------------+-----------+-------+
[   27.150949] cloud-init[717]: ci-info: |   0   |   0.0.0.0   | 10.0.2.2 |     0.0.0.0     |   enp0s3  |   UG  |
[   27.155361] cloud-init[717]: ci-info: |   1   |   10.0.2.0  | 0.0.0.0  |  255.255.255.0  |   enp0s3  |   U   |
[   27.160099] cloud-init[717]: ci-info: |   2   |   10.0.2.2  | 0.0.0.0  | 255.255.255.255 |   enp0s3  |   UH  |
[   27.164267] cloud-init[717]: ci-info: +-------+-------------+----------+-----------------+-----------+-------+
[   27.169069] cloud-init[717]: ci-info: +++++++++++++++++++Route IPv6 info+++++++++++++++++++
[   27.173287] cloud-init[717]: ci-info: +-------+-------------+---------+-----------+-------+
[   27.177765] cloud-init[717]: ci-info: | Route | Destination | Gateway | Interface | Flags |
[   27.181272] cloud-init[717]: ci-info: +-------+-------------+---------+-----------+-------+
[   27.185575] cloud-init[717]: ci-info: |   1   |  fe80::/64  |    ::   |   enp0s3  |   U   |
[   27.192459] cloud-init[717]: ci-info: |   3   |    local    |    ::   |   enp0s3  |   U   |
[   27.201496] cloud-init[717]: ci-info: |   4   |   ff00::/8  |    ::   |   enp0s3  |   U   |
[   27.209282] cloud-init[717]: ci-info: +-------+-------------+---------+-----------+-------+
[   28.271425] cloud-init[717]: Generating public/private rsa key pair.
[   28.274842] cloud-init[717]: Your identification has been saved in /etc/ssh/ssh_host_rsa_key.
[   28.277702] cloud-init[717]: Your public key has been saved in /etc/ssh/ssh_host_rsa_key.pub.
[   28.281567] cloud-init[717]: The key fingerprint is:
[   28.284528] cloud-init[717]: SHA256:DnKbHRG+JMmlu6S13zuJ77wwGrMWTR7g1EnJz0zJ0tc root@ubuntu-bionic
[   28.288625] cloud-init[717]: The key's randomart image is:
[   28.291001] cloud-init[717]: +---[RSA 2048]----+
[   28.293863] cloud-init[717]: |       ++= . .   |
[   28.295767] cloud-init[717]: |     .o=*.= . E  |
[   28.297223] cloud-init[717]: |     o=.+* .     |
[   28.299535] cloud-init[717]: |      .+oo+      |
[   28.301797] cloud-init[717]: |    . *+S.       |
[   28.304555] cloud-init[717]: |     *.Oo.       |
[   28.307001] cloud-init[717]: |    . B.=. .     |
[   28.309197] cloud-init[717]: |      .*.=o      |
[   28.311071] cloud-init[717]: |     .o .oB+     |
[   28.312660] cloud-init[717]: +----[SHA256]-----+
[   28.315501] cloud-init[717]: Generating public/private dsa key pair.
[   28.318682] cloud-init[717]: Your identification has been saved in /etc/ssh/ssh_host_dsa_key.
[   28.322321] cloud-init[717]: Your public key has been saved in /etc/ssh/ssh_host_dsa_key.pub.
[   28.325839] cloud-init[717]: The key fingerprint is:
[   28.329126] cloud-init[717]: SHA256:c617wzQZqkQNhrgPQ4nJeftffdK4uhIsZhfDepSpSRs root@ubuntu-bionic
[   28.332419] cloud-init[717]: The key's randomart image is:
[   28.335271] cloud-init[717]: +---[DSA 1024]----+
[   28.338007] cloud-init[717]: | . + o .         |
[   28.340526] cloud-init[717]: |  = = . o        |
[   28.343042] cloud-init[717]: |   o o o =       |
[   28.345381] cloud-init[717]: |    = E O ...    |
[   28.347475] cloud-init[717]: |     * XSo.o.=   |
[   28.350842] cloud-init[717]: |      @ *oo.B o  |
[   28.353819] cloud-init[717]: |     o * +.o =   |
[   28.359050] cloud-init[717]: |        +  .=    |
[   28.364169] cloud-init[717]: |         .++ .   |
[   28.370387] cloud-init[717]: +----[SHA256]-----+
[   28.376889] cloud-init[717]: Generating public/private ecdsa key pair.
[   28.383186] cloud-init[717]: Your identification has been saved in /etc/ssh/ssh_host_ecdsa_key.
[   28.390532] cloud-init[717]: Your public key has been saved in /etc/ssh/ssh_host_ecdsa_key.pub.
[   28.397582] cloud-init[717]: The key fingerprint is:
[   28.402365] cloud-init[717]: SHA256:HyUtE+EmPA9hwhTwFN3TU5N7cR6cyJ+7afRCr3ol4oY root@ubuntu-bionic
[   28.409852] cloud-init[717]: The key's randomart image is:
[[0;32m  OK  [0m] Started Initial cloud-init job (metadata service crawler).
[[0;32m  OK  [0m] Reached target System Initialization.
[[0;32m  OK  [0m] Listening on cloud-init hotplug hook socket.
[[0;32m  OK  [0m] Listening on Open-iSCSI iscsid Socket.
[[0;32m  OK  [0m] Started Daily apt download activities.
[[0;32m  OK  [0m] Started Message of the Day.
         Starting Socket activation for snappy daemon.
[[0;32m  OK  [0m] Listening on UUID daemon activation socket.
[[0;32m  OK  [0m] Started Daily apt upgrade and clean activities.
[[0;32m  OK  [0m] Started Discard unused blocks once a week.
[[0;32m  OK  [0m] Listening on D-Bus System Message Bus Socket.
[   28.435023] cloud-init[717]: +---[ECDSA 256]---+
[   28.436976] cloud-init[717]: |    .+*+o.oo..=..|
[   28.439489] cloud-init[717]: |     o.+.ooooo.*.|
[[0;32m  OK  [0m] Started ACPI Events Check.
[[0;32m  OK  [0m] Started Ubuntu Advantage Timer for running repeated jobs.
[[0;32m  OK  [0m] Reached target Paths.
[[0;32m  OK  [0m] Started Daily Cleanup of Temporary Directories.
[[0;32m  OK  [0m] Reached target Timers.
         Starting LXD - unix socket.
[[0;32m  OK  [0m] Listening on ACPID Listen Socket.
[[0;32m  OK  [0m] Reached target Cloud-config availability.
[[0;32m  OK  [0m] Reached target Network is Online.
         Starting Availability of block devices...
[[0;32m  OK  [0m] Reached target Remote File Systems (Pre).
[[0;32m  OK  [0m] Reached target Remote File Systems.
[[0;32m  OK  [0m] Listening on Socket activation for snappy daemon.
[[0;32m  OK  [0m] Listening on LXD - unix socket.
[[0;32m  OK  [0m] Reached target Sockets.
[[0;32m  OK  [0m] Reached target Basic System.
[[0;32m  OK  [0m] Started D-Bus System Message Bus.
[   28.447752] cloud-init[717]: |      . = *.o..o=|
[   28.485441] cloud-init[717]: |         * =  .oo|
[   28.492177] cloud-init[717]: |        S o    ..|
[   28.498114] cloud-init[717]: |         . .. oo.|
[   28.503458] cloud-init[717]: |          .o o.++|
[   28.509470] cloud-init[717]: |          E o o+o|
[   28.514207] cloud-init[717]: [[0;32m  OK  [0m] Started Regular background program processing daemon.
         Starting Permit User Sessions...
         Starting System Logging Service...
         Starting Pollinate to seed the pseudo random number generator...
|           ..ooo |
[[0;32m  OK  [0m] Started irqbalance daemon.
[[0;32m  OK  [0m] Reached target Login Prompts (Pre).
[[0;32m  OK  [0m] Started Deferred execution scheduler.
         Starting LSB: Record successful boot for GRUB...
         Starting Accounts Service...
[   28.541322]          Starting Virtualbox guest utils...
         Starting LSB: automatic crash report generation...
cloud-init[717]: +----[SHA256]-----+
[   28.576505] cloud-init[717]: Generating public/private ed25519 key pair.
[   28.583604] cloud-init[717]: Your identification has been saved in /etc/ssh/ssh_host_ed25519_key.
[   28.595857] cloud-init[717]: Your public key has been saved in /etc/ssh/ssh_host_ed25519_key.pub.
[   28.611244] cloud-init[717]: The key fingerprint is:
[   28.625624] cloud-init[717]: SHA256:+My9Z2tcfT+uXiF2OOjDa0KWMDfTx+Z+xxKPVASZ1LQ root@ubuntu-bionic
[   28.635368] cloud-init[717]: The key's randomart image is:
[   28.642557] cloud-init[717]: +--[ED25519 256]--+
[   28.648564] cloud-init[717]: |             .o*.|
[   28.654569] cloud-init[717]: |              o +|
[   28.660628] cloud-init[717]: |          . .  E |
[   28.667421] cloud-init[717]: |       + + ..+. .|
[   28.675295] cloud-init[717]: |      . S +.+= = |
         Starting Dispatcher daemon for systemd-networkd...
[   28.685906] cloud-init[717]: |       + =o ..B +|
[   28.702216] cloud-init[717]: |        * .=.o *o|
[   28.710513] cloud-init[717]: |         . oB.+o=|
         Starting Snap Daemon...
[   28.725475] [[0;32m  OK  [0m] Started FUSE filesystem for LXC.
cloud-init[717]: |          +=o++oo|         Starting Login Service...
         Starting LXD - container startup/shutdown...
[[0;32m  OK  [0m] Started System Logging Service.
[[0;32m  OK  [0m] Started Availability of block devices.
[[0;32m  OK  [0m] Started Permit User Sessions.

[   28.754591] cloud-init[717]: +----[SHA256]-----+         Starting Hold until boot process finishes up...
         Starting Terminate Plymouth Boot Screen...

[[0;32m  OK  [0m] Started Hold until boot process finishes up.
[[0;32m  OK  [0m] Started Serial Getty on ttyS0.
         Starting Set console scheme...
[[0;32m  OK  [0m] Started Terminate Plymouth Boot Screen.
         Starting Authorization Manager...
[[0;32m  OK  [0m] Started Set console scheme.
[[0;32m  OK  [0m] Created slice system-getty.slice.
[[0;32m  OK  [0m] Started Getty on tty1.
[[0;32m  OK  [0m] Reached target Login Prompts.
[[0;32m  OK  [0m] Started Login Service.
[[0;32m  OK  [0m] Started Unattended Upgrades Shutdown.
[[0;32m  OK  [0m] Started LSB: Record successful boot for GRUB.
[[0;32m  OK  [0m] Started LSB: automatic crash report generation.
[[0;32m  OK  [0m] Started Authorization Manager.
[[0;32m  OK  [0m] Started Accounts Service.
[[0;32m  OK  [0m] Started Virtualbox guest utils.
[[0;32m  OK  [0m] Started LXD - container startup/shutdown.
[[0;32m  OK  [0m] Started Dispatcher daemon for systemd-networkd.
[[0;32m  OK  [0m] Started Snap Daemon.
         Starting Wait until snapd is fully seeded...
         Starting Time & Date Service...
[[0;32m  OK  [0m] Started Time & Date Service.

Ubuntu 18.04.6 LTS ubuntu-bionic ttyS0

ubuntu-bionic login: [   42.112509] cloud-init[1295]: Cloud-init v. 23.1.2-0ubuntu0~18.04.1 running 'modules:config' at Sat, 27 May 2023 05:25:08 +0000. Up 40.36 seconds.
ci-info: no authorized SSH keys fingerprints found for user ubuntu.
<14>May 27 05:25:11 cloud-init: #############################################################
<14>May 27 05:25:11 cloud-init: -----BEGIN SSH HOST KEY FINGERPRINTS-----
<14>May 27 05:25:11 cloud-init: 1024 SHA256:c617wzQZqkQNhrgPQ4nJeftffdK4uhIsZhfDepSpSRs root@ubuntu-bionic (DSA)
<14>May 27 05:25:11 cloud-init: 256 SHA256:HyUtE+EmPA9hwhTwFN3TU5N7cR6cyJ+7afRCr3ol4oY root@ubuntu-bionic (ECDSA)
<14>May 27 05:25:11 cloud-init: 256 SHA256:+My9Z2tcfT+uXiF2OOjDa0KWMDfTx+Z+xxKPVASZ1LQ root@ubuntu-bionic (ED25519)
<14>May 27 05:25:11 cloud-init: 2048 SHA256:DnKbHRG+JMmlu6S13zuJ77wwGrMWTR7g1EnJz0zJ0tc root@ubuntu-bionic (RSA)
<14>May 27 05:25:11 cloud-init: -----END SSH HOST KEY FINGERPRINTS-----
<14>May 27 05:25:11 cloud-init: #############################################################
-----BEGIN SSH HOST KEY KEYS-----
ecdsa-sha2-nistp256 AAAAE2VjZHNhLXNoYTItbmlzdHAyNTYAAAAIbmlzdHAyNTYAAABBBEXnnE27rObBFu9cButxYqnfoKbWh5vc3rwHD7420wc05dmWTeshh7bcByx0QR0VXKXswzCsCbvoYbiCAZYKOdE= root@ubuntu-bionic
ssh-ed25519 AAAAC3NzaC1lZDI1NTE5AAAAIDy3zfByYxyZUmE2t7ycdESEVjG0aYJL+9gGl6mVIqit root@ubuntu-bionic
ssh-rsa AAAAB3NzaC1yc2EAAAADAQABAAABAQC/E/m1Vd3JEZC9ddlordALBDdyoKqb9SbYdDtuz9K/Vq6CcsyBnlx6MyCAw+Xx2yx/yJ9JKxGHFY6RbYsW6yNJ3irLKTgvWitgvH4qsyrTJuQTFOIStgk7IrcMdiubTlrZh75FeD1pToGPhxFYVXlPEYgdg4YCqlSUe5IamWpup2zL6Xk8tq1qzw4vNp498dEtidulBRGou0iTMcnY2TuzXTl13lNR9dhciNkCf5Bsh7bhueoweCoU3PGjkpISaEUf+CB5OCMqfSM5yZDREOecZWD28Q3jzHIizfW52F0j98FfFIvmJ9kFeQCtc6DUTWGKO61wuVx0atwz8uxZGl1L root@ubuntu-bionic
-----END SSH HOST KEY KEYS-----
[   43.576050] cloud-init[1412]: Cloud-init v. 23.1.2-0ubuntu0~18.04.1 running 'modules:final' at Sat, 27 May 2023 05:25:10 +0000. Up 43.17 seconds.
[   43.576548] cloud-init[1412]: Cloud-init v. 23.1.2-0ubuntu0~18.04.1 finished at Sat, 27 May 2023 05:25:11 +0000. Datasource DataSourceNoCloud [seed=/dev/sdb][dsmode=net].  Up 43.56 seconds
